<?xml version="1.0" encoding="UTF-8"?>
<!-- Generated by org.testng.reporters.JUnitReportReporter -->
<testsuite hostname="AUTOMATION-LAB" failures="0" tests="3" name="com.OrangeHrm.RunnerScripts.AdminStory.AdminModule" time="31.548" errors="0" timestamp="2024-12-15T10:29:02 IST" skipped="0">
  <testcase classname="com.OrangeHrm.RunnerScripts.AdminStory.AdminModule" name="CheckEmpIsCreated" time="11.218"/>
  <testcase classname="com.OrangeHrm.RunnerScripts.AdminStory.AdminModule" name="CheckAddComponents" time="11.817"/>
  <testcase classname="com.OrangeHrm.RunnerScripts.AdminStory.AdminModule" name="CheckDashBoardIsDisplayed" time="8.513"/>
</testsuite> <!-- com.OrangeHrm.RunnerScripts.AdminStory.AdminModule -->
