<?xml version="1.0" encoding="UTF-8"?>
<!-- Generated by org.testng.reporters.JUnitReportReporter -->
<testsuite hostname="AUTOMATION-LAB" failures="0" tests="2" name="com.OrangeHrm.runnerScripts.TC01_VerifyAddEmp" time="8.305" errors="0" timestamp="2024-12-14T11:01:38 IST" skipped="1">
  <testcase classname="com.OrangeHrm.runnerScripts.TC01_VerifyAddEmp" name="CreateEmp" time="8.305"/>
  <testcase classname="com.OrangeHrm.runnerScripts.TC01_VerifyAddEmp" name="VerifyAddEmp">
    <skipped/>
  </testcase> <!-- VerifyAddEmp -->
</testsuite> <!-- com.OrangeHrm.runnerScripts.TC01_VerifyAddEmp -->
