<?xml version="1.0" encoding="UTF-8"?>
<!-- Generated by org.testng.reporters.JUnitReportReporter -->
<testsuite hostname="AUTOMATION-LAB" failures="0" tests="3" name="com.OrangeHrm.RunnerScripts.AdminStory.AdminModule" time="29.141" errors="0" timestamp="2024-12-15T10:37:23 IST" skipped="0">
  <testcase classname="com.OrangeHrm.RunnerScripts.AdminStory.AdminModule" name="CheckDashBoardIsDisplayed" time="7.485"/>
  <testcase classname="com.OrangeHrm.RunnerScripts.AdminStory.AdminModule" name="CheckEmpIsCreated" time="10.759"/>
  <testcase classname="com.OrangeHrm.RunnerScripts.AdminStory.AdminModule" name="CheckAddComponents" time="10.897"/>
</testsuite> <!-- com.OrangeHrm.RunnerScripts.AdminStory.AdminModule -->
